<?xml version="1.0" encoding="UTF-8"?>
<!-- Generated by org.testng.reporters.JUnitXMLReporter -->
<testsuite ignored="0" hostname="NR0007" failures="1" tests="1" name="Default test" time="27.32" errors="0" timestamp="2024-10-02T01:29:37 IST">
  <testcase classname="AbbviePublishNew" name="abbviePublish" time="27.264">
    <failure type="org.openqa.selenium.ElementClickInterceptedException" message="element click intercepted: Element &amp;lt;a id=&amp;quot;pageinfo-trigger&amp;quot; class=&amp;quot;editor-GlobalBar-item foundation-toggleable-control coral3-Button coral3-Button--minimal&amp;quot; title=&amp;quot;Page Information&amp;quot; data-foundation-toggleable-control-target=&amp;quot;#pageinfo-popover&amp;quot; href=&amp;quot;#pageinfo-popover&amp;quot; aria-label=&amp;quot;Page Information&amp;quot; is=&amp;quot;coral-anchorbutton&amp;quot; icon=&amp;quot;properties&amp;quot; iconsize=&amp;quot;S&amp;quot; variant=&amp;quot;minimal&amp;quot; aria-expanded=&amp;quot;false&amp;quot; size=&amp;quot;M&amp;quot; role=&amp;quot;button&amp;quot; aria-disabled=&amp;quot;false&amp;quot;&amp;gt;...&amp;lt;/a&amp;gt; is not clickable at point (22, 22). Other element would receive the click: &amp;lt;coral-dialog class=&amp;quot;coral3-Dialog coral3-Dialog--warning is-open&amp;quot; tabindex=&amp;quot;0&amp;quot; aria-hidden=&amp;quot;false&amp;quot; closable=&amp;quot;off&amp;quot; open=&amp;quot;&amp;quot; role=&amp;quot;alertdialog&amp;quot; aria-labelledby=&amp;quot;coral-id-584&amp;quot; aria-describedby=&amp;quot;coral-id-585&amp;quot; style=&amp;quot;display: block; z-index: 10010;&amp;quot;&amp;gt;...&amp;lt;/coral-dialog&amp;gt;
  (Session info: chrome=129.0.6668.60)
Build info: version: &amp;apos;4.12.0&amp;apos;, revision: &amp;apos;249f2a7d1b*&amp;apos;
System info: os.name: &amp;apos;Windows 11&amp;apos;, os.arch: &amp;apos;amd64&amp;apos;, os.version: &amp;apos;10.0&amp;apos;, java.version: &amp;apos;17.0.5&amp;apos;
Driver info: org.openqa.selenium.chrome.ChromeDriver
Command: [e1945bb0f2ab464e5fa7ae595b2d2742, clickElement {id=f.A76187D569F24F2E273F3D6A9D6BE7A2.d.4A6CB921CCD706D468B3F6357E75C573.e.669}]
Capabilities {acceptInsecureCerts: false, browserName: chrome, browserVersion: 129.0.6668.60, chrome: {chromedriverVersion: 129.0.6668.70 (df87d5cf12b1..., userDataDir: C:\Users\SANDEE~1\AppData\L...}, fedcm:accounts: true, goog:chromeOptions: {debuggerAddress: localhost:60708}, networkConnectionEnabled: false, pageLoadStrategy: normal, platformName: windows, proxy: Proxy(), se:cdp: ws://localhost:60708/devtoo..., se:cdpVersion: 129.0.6668.60, setWindowRect: true, strictFileInteractability: false, timeouts: {implicit: 0, pageLoad: 300000, script: 30000}, unhandledPromptBehavior: dismiss and notify, webauthn:extension:credBlob: true, webauthn:extension:largeBlob: true, webauthn:extension:minPinLength: true, webauthn:extension:prf: true, webauthn:virtualAuthenticators: true}
Element: [[ChromeDriver: chrome on windows (e1945bb0f2ab464e5fa7ae595b2d2742)] -&amp;gt; xpath: //a[@id=&amp;apos;pageinfo-trigger&amp;apos;]]
Session ID: e1945bb0f2ab464e5fa7ae595b2d2742">
      <![CDATA[org.openqa.selenium.ElementClickInterceptedException: element click intercepted: Element <a id="pageinfo-trigger" class="editor-GlobalBar-item foundation-toggleable-control coral3-Button coral3-Button--minimal" title="Page Information" data-foundation-toggleable-control-target="#pageinfo-popover" href="#pageinfo-popover" aria-label="Page Information" is="coral-anchorbutton" icon="properties" iconsize="S" variant="minimal" aria-expanded="false" size="M" role="button" aria-disabled="false">...</a> is not clickable at point (22, 22). Other element would receive the click: <coral-dialog class="coral3-Dialog coral3-Dialog--warning is-open" tabindex="0" aria-hidden="false" closable="off" open="" role="alertdialog" aria-labelledby="coral-id-584" aria-describedby="coral-id-585" style="display: block; z-index: 10010;">...</coral-dialog>
  (Session info: chrome=129.0.6668.60)
Build info: version: '4.12.0', revision: '249f2a7d1b*'
System info: os.name: 'Windows 11', os.arch: 'amd64', os.version: '10.0', java.version: '17.0.5'
Driver info: org.openqa.selenium.chrome.ChromeDriver
Command: [e1945bb0f2ab464e5fa7ae595b2d2742, clickElement {id=f.A76187D569F24F2E273F3D6A9D6BE7A2.d.4A6CB921CCD706D468B3F6357E75C573.e.669}]
Capabilities {acceptInsecureCerts: false, browserName: chrome, browserVersion: 129.0.6668.60, chrome: {chromedriverVersion: 129.0.6668.70 (df87d5cf12b1..., userDataDir: C:\Users\SANDEE~1\AppData\L...}, fedcm:accounts: true, goog:chromeOptions: {debuggerAddress: localhost:60708}, networkConnectionEnabled: false, pageLoadStrategy: normal, platformName: windows, proxy: Proxy(), se:cdp: ws://localhost:60708/devtoo..., se:cdpVersion: 129.0.6668.60, setWindowRect: true, strictFileInteractability: false, timeouts: {implicit: 0, pageLoad: 300000, script: 30000}, unhandledPromptBehavior: dismiss and notify, webauthn:extension:credBlob: true, webauthn:extension:largeBlob: true, webauthn:extension:minPinLength: true, webauthn:extension:prf: true, webauthn:virtualAuthenticators: true}
Element: [[ChromeDriver: chrome on windows (e1945bb0f2ab464e5fa7ae595b2d2742)] -> xpath: //a[@id='pageinfo-trigger']]
Session ID: e1945bb0f2ab464e5fa7ae595b2d2742
at java.base/jdk.internal.reflect.NativeConstructorAccessorImpl.newInstance0(Native Method)
at java.base/jdk.internal.reflect.NativeConstructorAccessorImpl.newInstance(NativeConstructorAccessorImpl.java:77)
at java.base/jdk.internal.reflect.DelegatingConstructorAccessorImpl.newInstance(DelegatingConstructorAccessorImpl.java:45)
at java.base/java.lang.reflect.Constructor.newInstanceWithCaller(Constructor.java:499)
at java.base/java.lang.reflect.Constructor.newInstance(Constructor.java:480)
at org.openqa.selenium.remote.codec.w3c.W3CHttpResponseCodec.createException(W3CHttpResponseCodec.java:200)
at org.openqa.selenium.remote.codec.w3c.W3CHttpResponseCodec.decode(W3CHttpResponseCodec.java:133)
at org.openqa.selenium.remote.codec.w3c.W3CHttpResponseCodec.decode(W3CHttpResponseCodec.java:52)
at org.openqa.selenium.remote.HttpCommandExecutor.execute(HttpCommandExecutor.java:191)
at org.openqa.selenium.remote.service.DriverCommandExecutor.invokeExecute(DriverCommandExecutor.java:196)
at org.openqa.selenium.remote.service.DriverCommandExecutor.execute(DriverCommandExecutor.java:171)
at org.openqa.selenium.remote.RemoteWebDriver.execute(RemoteWebDriver.java:602)
at org.openqa.selenium.remote.RemoteWebElement.execute(RemoteWebElement.java:224)
at org.openqa.selenium.remote.RemoteWebElement.click(RemoteWebElement.java:77)
at AbbviePublishNew.abbviePublish(AbbviePublishNew.java:48)
at java.base/jdk.internal.reflect.NativeMethodAccessorImpl.invoke0(Native Method)
at java.base/jdk.internal.reflect.NativeMethodAccessorImpl.invoke(NativeMethodAccessorImpl.java:77)
at java.base/jdk.internal.reflect.DelegatingMethodAccessorImpl.invoke(DelegatingMethodAccessorImpl.java:43)
at java.base/java.lang.reflect.Method.invoke(Method.java:568)
at org.testng.internal.MethodInvocationHelper.invokeMethod(MethodInvocationHelper.java:133)
at org.testng.internal.TestInvoker.invokeMethod(TestInvoker.java:598)
at org.testng.internal.TestInvoker.invokeTestMethod(TestInvoker.java:173)
at org.testng.internal.MethodRunner.runInSequence(MethodRunner.java:46)
at org.testng.internal.TestInvoker$MethodInvocationAgent.invoke(TestInvoker.java:824)
at org.testng.internal.TestInvoker.invokeTestMethods(TestInvoker.java:146)
at org.testng.internal.TestMethodWorker.invokeTestMethods(TestMethodWorker.java:146)
at org.testng.internal.TestMethodWorker.run(TestMethodWorker.java:128)
at java.base/java.util.ArrayList.forEach(ArrayList.java:1511)
at org.testng.TestRunner.privateRun(TestRunner.java:794)
at org.testng.TestRunner.run(TestRunner.java:596)
at org.testng.SuiteRunner.runTest(SuiteRunner.java:377)
at org.testng.SuiteRunner.runSequentially(SuiteRunner.java:371)
at org.testng.SuiteRunner.privateRun(SuiteRunner.java:332)
at org.testng.SuiteRunner.run(SuiteRunner.java:276)
at org.testng.SuiteRunnerWorker.runSuite(SuiteRunnerWorker.java:53)
at org.testng.SuiteRunnerWorker.run(SuiteRunnerWorker.java:96)
at org.testng.TestNG.runSuitesSequentially(TestNG.java:1212)
at org.testng.TestNG.runSuitesLocally(TestNG.java:1134)
at org.testng.TestNG.runSuites(TestNG.java:1063)
at org.testng.TestNG.run(TestNG.java:1031)
at org.testng.remote.AbstractRemoteTestNG.run(AbstractRemoteTestNG.java:115)
at org.testng.remote.RemoteTestNG.initAndRun(RemoteTestNG.java:251)
at org.testng.remote.RemoteTestNG.main(RemoteTestNG.java:77)
]]>
    </failure>
  </testcase> <!-- abbviePublish -->
</testsuite> <!-- Default test -->
